<?xml version="1.0" encoding="UTF-8"?>
<!-- Generated by org.testng.reporters.JUnitXMLReporter -->
<testsuite hostname="Nandana" ignored="0" name="smoke" tests="6" failures="0" timestamp="28 Aug 2018 09:23:54 GMT" time="19.7" errors="0">
  <testcase name="testCase1" time="0.009" classname="testCases.TestCaseDemo1"/>
  <testcase name="testCase2" time="0.0" classname="testCases.TestCaseDemo1"/>
  <testcase name="testCase3" time="0.003" classname="testCases.TestCaseDemo1"/>
  <testcase name="testDemo1" time="0.002" classname="testCases.TestCaseDemo2"/>
  <testcase name="testDemo2" time="0.001" classname="testCases.TestCaseDemo2"/>
  <testcase name="testDemo3" time="0.003" classname="testCases.TestCaseDemo2"/>
</testsuite> <!-- smoke -->
