<?xml version="1.0" encoding="UTF-8"?>
<testng-results skipped="0" failed="0" ignored="0" total="6" passed="6">
  <reporter-output>
  </reporter-output>
  <suite name="Suite1" duration-ms="79098" started-at="2018-08-28T14:22:40Z" finished-at="2018-08-28T14:23:59Z">
    <groups>
    </groups>
    <test name="smoke" duration-ms="79098" started-at="2018-08-28T14:22:40Z" finished-at="2018-08-28T14:23:59Z">
      <class name="testCases.TestCaseDemo2">
        <test-method status="PASS" signature="startUp()[pri:0, instance:testCases.TestCaseDemo2@47c62251]" name="startUp" is-config="true" duration-ms="11581" started-at="2018-08-28T14:23:19Z" finished-at="2018-08-28T14:23:30Z">
          <reporter-output>
          </reporter-output>
        </test-method> <!-- startUp -->
        <test-method status="PASS" signature="testDemo1()[pri:0, instance:testCases.TestCaseDemo2@47c62251]" name="testDemo1" duration-ms="2" started-at="2018-08-28T14:23:30Z" finished-at="2018-08-28T14:23:30Z">
          <reporter-output>
          </reporter-output>
        </test-method> <!-- testDemo1 -->
        <test-method status="PASS" signature="closeBrowser()[pri:0, instance:testCases.TestCaseDemo2@47c62251]" name="closeBrowser" is-config="true" duration-ms="660" started-at="2018-08-28T14:23:30Z" finished-at="2018-08-28T14:23:31Z">
          <reporter-output>
          </reporter-output>
        </test-method> <!-- closeBrowser -->
        <test-method status="PASS" signature="startUp()[pri:0, instance:testCases.TestCaseDemo2@47c62251]" name="startUp" is-config="true" duration-ms="12871" started-at="2018-08-28T14:23:31Z" finished-at="2018-08-28T14:23:44Z">
          <reporter-output>
          </reporter-output>
        </test-method> <!-- startUp -->
        <test-method status="PASS" signature="testDemo2()[pri:0, instance:testCases.TestCaseDemo2@47c62251]" name="testDemo2" duration-ms="2" started-at="2018-08-28T14:23:44Z" finished-at="2018-08-28T14:23:44Z">
          <reporter-output>
          </reporter-output>
        </test-method> <!-- testDemo2 -->
        <test-method status="PASS" signature="closeBrowser()[pri:0, instance:testCases.TestCaseDemo2@47c62251]" name="closeBrowser" is-config="true" duration-ms="703" started-at="2018-08-28T14:23:44Z" finished-at="2018-08-28T14:23:45Z">
          <reporter-output>
          </reporter-output>
        </test-method> <!-- closeBrowser -->
        <test-method status="PASS" signature="startUp()[pri:0, instance:testCases.TestCaseDemo2@47c62251]" name="startUp" is-config="true" duration-ms="13987" started-at="2018-08-28T14:23:45Z" finished-at="2018-08-28T14:23:59Z">
          <reporter-output>
          </reporter-output>
        </test-method> <!-- startUp -->
        <test-method status="PASS" signature="testDemo3()[pri:0, instance:testCases.TestCaseDemo2@47c62251]" name="testDemo3" duration-ms="1" started-at="2018-08-28T14:23:59Z" finished-at="2018-08-28T14:23:59Z">
          <reporter-output>
          </reporter-output>
        </test-method> <!-- testDemo3 -->
        <test-method status="PASS" signature="closeBrowser()[pri:0, instance:testCases.TestCaseDemo2@47c62251]" name="closeBrowser" is-config="true" duration-ms="685" started-at="2018-08-28T14:23:59Z" finished-at="2018-08-28T14:23:59Z">
          <reporter-output>
          </reporter-output>
        </test-method> <!-- closeBrowser -->
      </class> <!-- testCases.TestCaseDemo2 -->
      <class name="testCases.TestCaseDemo1">
        <test-method status="PASS" signature="startUp()[pri:0, instance:testCases.TestCaseDemo1@6f7fd0e6]" name="startUp" is-config="true" duration-ms="15011" started-at="2018-08-28T14:22:40Z" finished-at="2018-08-28T14:22:55Z">
          <reporter-output>
          </reporter-output>
        </test-method> <!-- startUp -->
        <test-method status="PASS" signature="testCase1()[pri:0, instance:testCases.TestCaseDemo1@6f7fd0e6]" name="testCase1" duration-ms="11" started-at="2018-08-28T14:22:55Z" finished-at="2018-08-28T14:22:55Z">
          <reporter-output>
          </reporter-output>
        </test-method> <!-- testCase1 -->
        <test-method status="PASS" signature="closeBrowser()[pri:0, instance:testCases.TestCaseDemo1@6f7fd0e6]" name="closeBrowser" is-config="true" duration-ms="858" started-at="2018-08-28T14:22:55Z" finished-at="2018-08-28T14:22:56Z">
          <reporter-output>
          </reporter-output>
        </test-method> <!-- closeBrowser -->
        <test-method status="PASS" signature="startUp()[pri:0, instance:testCases.TestCaseDemo1@6f7fd0e6]" name="startUp" is-config="true" duration-ms="10382" started-at="2018-08-28T14:22:56Z" finished-at="2018-08-28T14:23:06Z">
          <reporter-output>
          </reporter-output>
        </test-method> <!-- startUp -->
        <test-method status="PASS" signature="testCase2()[pri:0, instance:testCases.TestCaseDemo1@6f7fd0e6]" name="testCase2" duration-ms="2" started-at="2018-08-28T14:23:06Z" finished-at="2018-08-28T14:23:06Z">
          <reporter-output>
          </reporter-output>
        </test-method> <!-- testCase2 -->
        <test-method status="PASS" signature="closeBrowser()[pri:0, instance:testCases.TestCaseDemo1@6f7fd0e6]" name="closeBrowser" is-config="true" duration-ms="634" started-at="2018-08-28T14:23:06Z" finished-at="2018-08-28T14:23:07Z">
          <reporter-output>
          </reporter-output>
        </test-method> <!-- closeBrowser -->
        <test-method status="PASS" signature="startUp()[pri:0, instance:testCases.TestCaseDemo1@6f7fd0e6]" name="startUp" is-config="true" duration-ms="10868" started-at="2018-08-28T14:23:07Z" finished-at="2018-08-28T14:23:18Z">
          <reporter-output>
          </reporter-output>
        </test-method> <!-- startUp -->
        <test-method status="PASS" signature="testCase3()[pri:0, instance:testCases.TestCaseDemo1@6f7fd0e6]" name="testCase3" duration-ms="2" started-at="2018-08-28T14:23:18Z" finished-at="2018-08-28T14:23:18Z">
          <reporter-output>
          </reporter-output>
        </test-method> <!-- testCase3 -->
        <test-method status="PASS" signature="closeBrowser()[pri:0, instance:testCases.TestCaseDemo1@6f7fd0e6]" name="closeBrowser" is-config="true" duration-ms="736" started-at="2018-08-28T14:23:18Z" finished-at="2018-08-28T14:23:19Z">
          <reporter-output>
          </reporter-output>
        </test-method> <!-- closeBrowser -->
      </class> <!-- testCases.TestCaseDemo1 -->
    </test> <!-- smoke -->
  </suite> <!-- Suite1 -->
</testng-results>
